# JRE version: OpenJDK Runtime Environment (11.0.15) (build 11.0.15+0-b2043.56-9505619)
# Java VM: OpenJDK 64-Bit Server VM (11.0.15+0-b2043.56-9505619, mixed mode, tiered, compressed oops, g1 gc, windows-amd64)
Heap:
 garbage-first heap   total 143360K, used 84789K [0x0000000080000000, 0x0000000100000000)
  region size 1024K, 14 young (14336K), 5 survivors (5120K)
 Metaspace       used 84528K, capacity 86532K, committed 86748K, reserved 1124352K
  class space    used 10882K, capacity 11615K, committed 11724K, reserved 1048576K
GC Heap History (20 events):
Event: 15.291 GC heap before
{Heap before GC invocations=26 (full 0):
 garbage-first heap   total 98304K, used 74710K [0x0000000080000000, 0x0000000100000000)
  region size 1024K, 22 young (22528K), 2 survivors (2048K)
 Metaspace       used 66659K, capacity 68279K, committed 68444K, reserved 1110016K
  class space    used 8365K, capacity 8947K, committed 9036K, reserved 1048576K
}
Event: 15.296 GC heap after
{Heap after GC invocations=27 (full 0):
 garbage-first heap   total 98304K, used 55445K [0x0000000080000000, 0x0000000100000000)
  region size 1024K, 3 young (3072K), 3 survivors (3072K)
 Metaspace       used 66659K, capacity 68279K, committed 68444K, reserved 1110016K
  class space    used 8365K, capacity 8947K, committed 9036K, reserved 1048576K
}
Event: 15.573 GC heap before
{Heap before GC invocations=28 (full 0):
 garbage-first heap   total 98304K, used 75925K [0x0000000080000000, 0x0000000100000000)
  region size 1024K, 23 young (23552K), 3 survivors (3072K)
 Metaspace       used 68136K, capacity 69727K, committed 69980K, reserved 1110016K
  class space    used 8547K, capacity 9172K, committed 9292K, reserved 1048576K
}
Event: 15.577 GC heap after
{Heap after GC invocations=29 (full 0):
 garbage-first heap   total 98304K, used 56832K [0x0000000080000000, 0x0000000100000000)
  region size 1024K, 3 young (3072K), 3 survivors (3072K)
 Metaspace       used 68136K, capacity 69727K, committed 69980K, reserved 1110016K
  class space    used 8547K, capacity 9172K, committed 9292K, reserved 1048576K
}
Event: 15.951 GC heap before
{Heap before GC invocations=29 (full 0):
 garbage-first heap   total 98304K, used 77312K [0x0000000080000000, 0x0000000100000000)
  region size 1024K, 23 young (23552K), 3 survivors (3072K)
 Metaspace       used 70628K, capacity 72199K, committed 72412K, reserved 1112064K
  class space    used 9002K, capacity 9591K, committed 9676K, reserved 1048576K
}
Event: 15.955 GC heap after
{Heap after GC invocations=30 (full 0):
 garbage-first heap   total 98304K, used 58005K [0x0000000080000000, 0x0000000100000000)
  region size 1024K, 3 young (3072K), 3 survivors (3072K)
 Metaspace       used 70628K, capacity 72199K, committed 72412K, reserved 1112064K
  class space    used 9002K, capacity 9591K, committed 9676K, reserved 1048576K
}
Event: 16.340 GC heap before
{Heap before GC invocations=31 (full 0):
 garbage-first heap   total 98304K, used 78485K [0x0000000080000000, 0x0000000100000000)
  region size 1024K, 23 young (23552K), 3 survivors (3072K)
 Metaspace       used 72743K, capacity 74384K, committed 74588K, reserved 1114112K
  class space    used 9321K, capacity 9926K, committed 10060K, reserved 1048576K
}
Event: 16.344 GC heap after
{Heap after GC invocations=32 (full 0):
 garbage-first heap   total 98304K, used 59530K [0x0000000080000000, 0x0000000100000000)
  region size 1024K, 3 young (3072K), 3 survivors (3072K)
 Metaspace       used 72743K, capacity 74384K, committed 74588K, reserved 1114112K
  class space    used 9321K, capacity 9926K, committed 10060K, reserved 1048576K
}
Event: 16.783 GC heap before
{Heap before GC invocations=32 (full 0):
 garbage-first heap   total 98304K, used 80010K [0x0000000080000000, 0x0000000100000000)
  region size 1024K, 23 young (23552K), 3 survivors (3072K)
 Metaspace       used 74503K, capacity 76127K, committed 76380K, reserved 1116160K
  class space    used 9579K, capacity 10201K, committed 10316K, reserved 1048576K
}
Event: 16.793 GC heap after
{Heap after GC invocations=33 (full 0):
 garbage-first heap   total 118784K, used 60798K [0x0000000080000000, 0x0000000100000000)
  region size 1024K, 3 young (3072K), 3 survivors (3072K)
 Metaspace       used 74503K, capacity 76127K, committed 76380K, reserved 1116160K
  class space    used 9579K, capacity 10201K, committed 10316K, reserved 1048576K
}
Event: 17.484 GC heap before
{Heap before GC invocations=34 (full 0):
 garbage-first heap   total 118784K, used 89470K [0x0000000080000000, 0x0000000100000000)
  region size 1024K, 31 young (31744K), 3 survivors (3072K)
 Metaspace       used 76895K, capacity 78562K, committed 78684K, reserved 1118208K
  class space    used 9901K, capacity 10532K, committed 10572K, reserved 1048576K
}
Event: 17.491 GC heap after
{Heap after GC invocations=35 (full 0):
 garbage-first heap   total 118784K, used 62553K [0x0000000080000000, 0x0000000100000000)
  region size 1024K, 4 young (4096K), 4 survivors (4096K)
 Metaspace       used 76895K, capacity 78562K, committed 78684K, reserved 1118208K
  class space    used 9901K, capacity 10532K, committed 10572K, reserved 1048576K
}
Event: 18.116 GC heap before
{Heap before GC invocations=35 (full 0):
 garbage-first heap   total 118784K, used 91225K [0x0000000080000000, 0x0000000100000000)
  region size 1024K, 32 young (32768K), 4 survivors (4096K)
 Metaspace       used 80334K, capacity 82086K, committed 82268K, reserved 1120256K
  class space    used 10361K, capacity 11034K, committed 11084K, reserved 1048576K
}
Event: 18.125 GC heap after
{Heap after GC invocations=36 (full 0):
 garbage-first heap   total 118784K, used 64511K [0x0000000080000000, 0x0000000100000000)
  region size 1024K, 4 young (4096K), 4 survivors (4096K)
 Metaspace       used 80334K, capacity 82086K, committed 82268K, reserved 1120256K
  class space    used 10361K, capacity 11034K, committed 11084K, reserved 1048576K
}
Event: 18.467 GC heap before
{Heap before GC invocations=37 (full 0):
 garbage-first heap   total 118784K, used 93183K [0x0000000080000000, 0x0000000100000000)
  region size 1024K, 32 young (32768K), 4 survivors (4096K)
 Metaspace       used 81178K, capacity 83101K, committed 83164K, reserved 1122304K
  class space    used 10468K, capacity 11157K, committed 11212K, reserved 1048576K
}
Event: 18.477 GC heap after
{Heap after GC invocations=38 (full 0):
 garbage-first heap   total 118784K, used 67560K [0x0000000080000000, 0x0000000100000000)
  region size 1024K, 4 young (4096K), 4 survivors (4096K)
 Metaspace       used 81178K, capacity 83101K, committed 83164K, reserved 1122304K
  class space    used 10468K, capacity 11157K, committed 11212K, reserved 1048576K
}
Event: 18.735 GC heap before
{Heap before GC invocations=38 (full 0):
 garbage-first heap   total 118784K, used 95208K [0x0000000080000000, 0x0000000100000000)
  region size 1024K, 31 young (31744K), 4 survivors (4096K)
 Metaspace       used 81243K, capacity 83125K, committed 83420K, reserved 1122304K
  class space    used 10475K, capacity 11163K, committed 11212K, reserved 1048576K
}
Event: 18.748 GC heap after
{Heap after GC invocations=39 (full 0):
 garbage-first heap   total 143360K, used 71655K [0x0000000080000000, 0x0000000100000000)
  region size 1024K, 4 young (4096K), 4 survivors (4096K)
 Metaspace       used 81243K, capacity 83125K, committed 83420K, reserved 1122304K
  class space    used 10475K, capacity 11163K, committed 11212K, reserved 1048576K
}
Event: 19.546 GC heap before
{Heap before GC invocations=40 (full 0):
 garbage-first heap   total 143360K, used 105447K [0x0000000080000000, 0x0000000100000000)
  region size 1024K, 38 young (38912K), 4 survivors (4096K)
 Metaspace       used 83911K, capacity 85838K, committed 86108K, reserved 1124352K
  class space    used 10798K, capacity 11525K, committed 11596K, reserved 1048576K
}
Event: 19.557 GC heap after
{Heap after GC invocations=41 (full 0):
 garbage-first heap   total 143360K, used 76597K [0x0000000080000000, 0x0000000100000000)
  region size 1024K, 5 young (5120K), 5 survivors (5120K)
 Metaspace       used 83911K, capacity 85838K, committed 86108K, reserved 1124352K
  class space    used 10798K, capacity 11525K, committed 11596K, reserved 1048576K
}

