# JRE version: OpenJDK Runtime Environment (11.0.15) (build 11.0.15+0-b2043.56-9505619)
# Java VM: OpenJDK 64-Bit Server VM (11.0.15+0-b2043.56-9505619, mixed mode, tiered, compressed oops, g1 gc, windows-amd64)
Heap:
 garbage-first heap   total 118784K, used 78042K [0x0000000080000000, 0x0000000100000000)
  region size 1024K, 22 young (22528K), 3 survivors (3072K)
 Metaspace       used 74479K, capacity 76125K, committed 76380K, reserved 1116160K
  class space    used 9568K, capacity 10199K, committed 10316K, reserved 1048576K
GC Heap History (20 events):
Event: 16.747 GC heap before
{Heap before GC invocations=17 (full 0):
 garbage-first heap   total 98304K, used 60888K [0x0000000080000000, 0x0000000100000000)
  region size 1024K, 18 young (18432K), 2 survivors (2048K)
 Metaspace       used 62055K, capacity 63504K, committed 63708K, reserved 1105920K
  class space    used 7754K, capacity 8310K, committed 8396K, reserved 1048576K
}
Event: 16.753 GC heap after
{Heap after GC invocations=18 (full 0):
 garbage-first heap   total 98304K, used 47841K [0x0000000080000000, 0x0000000100000000)
  region size 1024K, 5 young (5120K), 5 survivors (5120K)
 Metaspace       used 62055K, capacity 63504K, committed 63708K, reserved 1105920K
  class space    used 7754K, capacity 8310K, committed 8396K, reserved 1048576K
}
Event: 16.833 GC heap before
{Heap before GC invocations=19 (full 0):
 garbage-first heap   total 98304K, used 62177K [0x0000000080000000, 0x0000000100000000)
  region size 1024K, 15 young (15360K), 5 survivors (5120K)
 Metaspace       used 62061K, capacity 63510K, committed 63708K, reserved 1105920K
  class space    used 7755K, capacity 8311K, committed 8396K, reserved 1048576K
}
Event: 16.843 GC heap after
{Heap after GC invocations=20 (full 0):
 garbage-first heap   total 98304K, used 54414K [0x0000000080000000, 0x0000000100000000)
  region size 1024K, 4 young (4096K), 4 survivors (4096K)
 Metaspace       used 62061K, capacity 63510K, committed 63708K, reserved 1105920K
  class space    used 7755K, capacity 8311K, committed 8396K, reserved 1048576K
}
Event: 17.249 GC heap before
{Heap before GC invocations=21 (full 0):
 garbage-first heap   total 98304K, used 76942K [0x0000000080000000, 0x0000000100000000)
  region size 1024K, 24 young (24576K), 4 survivors (4096K)
 Metaspace       used 63886K, capacity 65336K, committed 65500K, reserved 1105920K
  class space    used 7992K, capacity 8572K, committed 8652K, reserved 1048576K
}
Event: 17.252 GC heap after
{Heap after GC invocations=22 (full 0):
 garbage-first heap   total 98304K, used 52223K [0x0000000080000000, 0x0000000100000000)
  region size 1024K, 2 young (2048K), 2 survivors (2048K)
 Metaspace       used 63886K, capacity 65336K, committed 65500K, reserved 1105920K
  class space    used 7992K, capacity 8572K, committed 8652K, reserved 1048576K
}
Event: 17.549 GC heap before
{Heap before GC invocations=22 (full 0):
 garbage-first heap   total 98304K, used 74751K [0x0000000080000000, 0x0000000100000000)
  region size 1024K, 24 young (24576K), 2 survivors (2048K)
 Metaspace       used 65295K, capacity 66703K, committed 66908K, reserved 1107968K
  class space    used 8156K, capacity 8705K, committed 8780K, reserved 1048576K
}
Event: 17.553 GC heap after
{Heap after GC invocations=23 (full 0):
 garbage-first heap   total 98304K, used 53399K [0x0000000080000000, 0x0000000100000000)
  region size 1024K, 3 young (3072K), 3 survivors (3072K)
 Metaspace       used 65295K, capacity 66703K, committed 66908K, reserved 1107968K
  class space    used 8156K, capacity 8705K, committed 8780K, reserved 1048576K
}
Event: 17.651 GC heap before
{Heap before GC invocations=24 (full 0):
 garbage-first heap   total 98304K, used 56471K [0x0000000080000000, 0x0000000100000000)
  region size 1024K, 9 young (9216K), 3 survivors (3072K)
 Metaspace       used 65712K, capacity 67158K, committed 67548K, reserved 1107968K
  class space    used 8222K, capacity 8770K, committed 8908K, reserved 1048576K
}
Event: 17.656 GC heap after
{Heap after GC invocations=25 (full 0):
 garbage-first heap   total 98304K, used 53172K [0x0000000080000000, 0x0000000100000000)
  region size 1024K, 3 young (3072K), 3 survivors (3072K)
 Metaspace       used 65712K, capacity 67158K, committed 67548K, reserved 1107968K
  class space    used 8222K, capacity 8770K, committed 8908K, reserved 1048576K
}
Event: 17.939 GC heap before
{Heap before GC invocations=26 (full 0):
 garbage-first heap   total 98304K, used 73652K [0x0000000080000000, 0x0000000100000000)
  region size 1024K, 22 young (22528K), 3 survivors (3072K)
 Metaspace       used 66645K, capacity 68182K, committed 68444K, reserved 1110016K
  class space    used 8364K, capacity 8913K, committed 9036K, reserved 1048576K
}
Event: 17.943 GC heap after
{Heap after GC invocations=27 (full 0):
 garbage-first heap   total 98304K, used 54388K [0x0000000080000000, 0x0000000100000000)
  region size 1024K, 2 young (2048K), 2 survivors (2048K)
 Metaspace       used 66645K, capacity 68182K, committed 68444K, reserved 1110016K
  class space    used 8364K, capacity 8913K, committed 9036K, reserved 1048576K
}
Event: 18.079 GC heap before
{Heap before GC invocations=27 (full 0):
 garbage-first heap   total 98304K, used 74868K [0x0000000080000000, 0x0000000100000000)
  region size 1024K, 22 young (22528K), 2 survivors (2048K)
 Metaspace       used 66684K, capacity 68280K, committed 68444K, reserved 1110016K
  class space    used 8369K, capacity 8947K, committed 9036K, reserved 1048576K
}
Event: 18.085 GC heap after
{Heap after GC invocations=28 (full 0):
 garbage-first heap   total 98304K, used 55385K [0x0000000080000000, 0x0000000100000000)
  region size 1024K, 3 young (3072K), 3 survivors (3072K)
 Metaspace       used 66684K, capacity 68280K, committed 68444K, reserved 1110016K
  class space    used 8369K, capacity 8947K, committed 9036K, reserved 1048576K
}
Event: 18.439 GC heap before
{Heap before GC invocations=29 (full 0):
 garbage-first heap   total 98304K, used 75865K [0x0000000080000000, 0x0000000100000000)
  region size 1024K, 23 young (23552K), 3 survivors (3072K)
 Metaspace       used 68112K, capacity 69633K, committed 69852K, reserved 1110016K
  class space    used 8542K, capacity 9140K, committed 9164K, reserved 1048576K
}
Event: 18.445 GC heap after
{Heap after GC invocations=30 (full 0):
 garbage-first heap   total 98304K, used 56936K [0x0000000080000000, 0x0000000100000000)
  region size 1024K, 3 young (3072K), 3 survivors (3072K)
 Metaspace       used 68112K, capacity 69633K, committed 69852K, reserved 1110016K
  class space    used 8542K, capacity 9140K, committed 9164K, reserved 1048576K
}
Event: 18.952 GC heap before
{Heap before GC invocations=30 (full 0):
 garbage-first heap   total 98304K, used 77416K [0x0000000080000000, 0x0000000100000000)
  region size 1024K, 23 young (23552K), 3 survivors (3072K)
 Metaspace       used 70612K, capacity 72107K, committed 72412K, reserved 1112064K
  class space    used 8982K, capacity 9559K, committed 9676K, reserved 1048576K
}
Event: 18.956 GC heap after
{Heap after GC invocations=31 (full 0):
 garbage-first heap   total 98304K, used 58145K [0x0000000080000000, 0x0000000100000000)
  region size 1024K, 3 young (3072K), 3 survivors (3072K)
 Metaspace       used 70612K, capacity 72107K, committed 72412K, reserved 1112064K
  class space    used 8982K, capacity 9559K, committed 9676K, reserved 1048576K
}
Event: 19.467 GC heap before
{Heap before GC invocations=32 (full 0):
 garbage-first heap   total 98304K, used 78625K [0x0000000080000000, 0x0000000100000000)
  region size 1024K, 23 young (23552K), 3 survivors (3072K)
 Metaspace       used 72780K, capacity 74385K, committed 74588K, reserved 1114112K
  class space    used 9320K, capacity 9925K, committed 10060K, reserved 1048576K
}
Event: 19.472 GC heap after
{Heap after GC invocations=33 (full 0):
 garbage-first heap   total 118784K, used 59610K [0x0000000080000000, 0x0000000100000000)
  region size 1024K, 3 young (3072K), 3 survivors (3072K)
 Metaspace       used 72780K, capacity 74385K, committed 74588K, reserved 1114112K
  class space    used 9320K, capacity 9925K, committed 10060K, reserved 1048576K
}

